2023-10-10 15:46:04.877 [info] Log level: Info
2023-10-10 15:46:04.877 [info] Validating found git in: "git"
2023-10-10 15:46:04.877 [info] Using git "2.30.2" from "git"
2023-10-10 15:46:04.877 [info] > git rev-parse --show-toplevel [30ms]
2023-10-10 15:46:04.877 [info] fatal: not a git repository (or any of the parent directories): .git
2023-10-10 15:46:04.877 [info] > git rev-parse --show-toplevel [17ms]
2023-10-10 15:46:04.877 [info] fatal: not a git repository (or any of the parent directories): .git
2023-10-10 15:46:04.877 [info] > git rev-parse --show-toplevel [10ms]
2023-10-10 15:46:04.877 [info] fatal: not a git repository (or any of the parent directories): .git
2023-10-10 15:46:04.877 [info] > git rev-parse --show-toplevel [21ms]
2023-10-10 15:46:04.877 [info] fatal: not a git repository (or any of the parent directories): .git
2023-10-10 15:46:04.878 [info] > git rev-parse --show-toplevel [16ms]
2023-10-10 15:46:04.878 [info] fatal: not a git repository (or any of the parent directories): .git
2023-10-10 15:46:04.878 [info] > git rev-parse --show-toplevel [13ms]
2023-10-10 15:46:04.878 [info] fatal: not a git repository (or any of the parent directories): .git
2023-10-10 15:46:04.878 [info] > git rev-parse --show-toplevel [18ms]
2023-10-10 15:46:04.878 [info] fatal: not a git repository (or any of the parent directories): .git
2023-10-10 15:46:05.093 [info] > git rev-parse --show-toplevel [194ms]
2023-10-10 15:46:05.093 [info] fatal: not a git repository (or any of the parent directories): .git
2023-10-10 15:46:19.710 [info] > git rev-parse --show-toplevel [11ms]
2023-10-10 15:46:19.710 [info] fatal: not a git repository (or any of the parent directories): .git
2023-10-10 15:47:26.490 [info] > git rev-parse --show-toplevel [5ms]
2023-10-10 15:47:26.490 [info] fatal: not a git repository (or any of the parent directories): .git
