*
* Visual Studio Code Server
*
* By using the software, you agree to
* the Visual Studio Code Server License Terms (https://aka.ms/vscode-server-license) and
* the Microsoft Privacy Statement (https://privacy.microsoft.com/en-US/privacystatement).
*
Server bound to 127.0.0.1:43339 (IPv4)
Extension host agent listening on 43339

[15:45:57] 




[15:45:57] Extension host agent started.
[15:45:58] [127.0.0.1][e773f084][ManagementConnection] New connection established.
[15:45:58] [127.0.0.1][b09b5b11][ExtensionHostConnection] New connection established.
[15:45:58] [127.0.0.1][b09b5b11][ExtensionHostConnection] <3560804> Launched Extension Host Process.
rejected promise not handled within 1 second: CodeExpectedError: Could not find pty on pty host
stack trace: CodeExpectedError: Could not find pty on pty host
    at A.U (/home/sofyan/.vscode-server/bin/e7e037083ff4455cf320e344325dacb480062c3c/out/vs/platform/terminal/node/ptyHostMain.js:44:32246)
    at A.updateIcon (/home/sofyan/.vscode-server/bin/e7e037083ff4455cf320e344325dacb480062c3c/out/vs/platform/terminal/node/ptyHostMain.js:44:27496)
    at V.<computed> (/home/sofyan/.vscode-server/bin/e7e037083ff4455cf320e344325dacb480062c3c/out/vs/platform/terminal/node/ptyHostMain.js:44:22715)
    at Object.call (/home/sofyan/.vscode-server/bin/e7e037083ff4455cf320e344325dacb480062c3c/out/vs/platform/terminal/node/ptyHostMain.js:34:5059)
    at h.s (/home/sofyan/.vscode-server/bin/e7e037083ff4455cf320e344325dacb480062c3c/out/vs/platform/terminal/node/ptyHostMain.js:32:5150)
    at h.q (/home/sofyan/.vscode-server/bin/e7e037083ff4455cf320e344325dacb480062c3c/out/vs/platform/terminal/node/ptyHostMain.js:32:4661)
    at g.value (/home/sofyan/.vscode-server/bin/e7e037083ff4455cf320e344325dacb480062c3c/out/vs/platform/terminal/node/ptyHostMain.js:32:4066)
    at n.z (/home/sofyan/.vscode-server/bin/e7e037083ff4455cf320e344325dacb480062c3c/out/vs/platform/terminal/node/ptyHostMain.js:27:1902)
    at n.fire (/home/sofyan/.vscode-server/bin/e7e037083ff4455cf320e344325dacb480062c3c/out/vs/platform/terminal/node/ptyHostMain.js:27:2119)
    at process.he (/home/sofyan/.vscode-server/bin/e7e037083ff4455cf320e344325dacb480062c3c/out/vs/platform/terminal/node/ptyHostMain.js:25:9949)
    at process.emit (node:events:513:28)
    at emit (node:internal/child_process:937:14)
    at process.processTicksAndRejections (node:internal/process/task_queues:83:21)
[15:46:05] Error [CodeExpectedError]: Could not find pty on pty host
    at A.U (/home/sofyan/.vscode-server/bin/e7e037083ff4455cf320e344325dacb480062c3c/out/vs/platform/terminal/node/ptyHostMain.js:44:32246)
    at A.updateIcon (/home/sofyan/.vscode-server/bin/e7e037083ff4455cf320e344325dacb480062c3c/out/vs/platform/terminal/node/ptyHostMain.js:44:27496)
    at V.<computed> (/home/sofyan/.vscode-server/bin/e7e037083ff4455cf320e344325dacb480062c3c/out/vs/platform/terminal/node/ptyHostMain.js:44:22715)
    at Object.call (/home/sofyan/.vscode-server/bin/e7e037083ff4455cf320e344325dacb480062c3c/out/vs/platform/terminal/node/ptyHostMain.js:34:5059)
    at h.s (/home/sofyan/.vscode-server/bin/e7e037083ff4455cf320e344325dacb480062c3c/out/vs/platform/terminal/node/ptyHostMain.js:32:5150)
    at h.q (/home/sofyan/.vscode-server/bin/e7e037083ff4455cf320e344325dacb480062c3c/out/vs/platform/terminal/node/ptyHostMain.js:32:4661)
    at g.value (/home/sofyan/.vscode-server/bin/e7e037083ff4455cf320e344325dacb480062c3c/out/vs/platform/terminal/node/ptyHostMain.js:32:4066)
    at n.z (/home/sofyan/.vscode-server/bin/e7e037083ff4455cf320e344325dacb480062c3c/out/vs/platform/terminal/node/ptyHostMain.js:27:1902)
    at n.fire (/home/sofyan/.vscode-server/bin/e7e037083ff4455cf320e344325dacb480062c3c/out/vs/platform/terminal/node/ptyHostMain.js:27:2119)
    at process.he (/home/sofyan/.vscode-server/bin/e7e037083ff4455cf320e344325dacb480062c3c/out/vs/platform/terminal/node/ptyHostMain.js:25:9949)
    at process.emit (node:events:513:28)
    at emit (node:internal/child_process:937:14)
    at process.processTicksAndRejections (node:internal/process/task_queues:83:21)
rejected promise not handled within 1 second: CodeExpectedError: Could not find pty on pty host
stack trace: CodeExpectedError: Could not find pty on pty host
    at A.U (/home/sofyan/.vscode-server/bin/e7e037083ff4455cf320e344325dacb480062c3c/out/vs/platform/terminal/node/ptyHostMain.js:44:32246)
    at A.updateTitle (/home/sofyan/.vscode-server/bin/e7e037083ff4455cf320e344325dacb480062c3c/out/vs/platform/terminal/node/ptyHostMain.js:44:27446)
    at V.<computed> (/home/sofyan/.vscode-server/bin/e7e037083ff4455cf320e344325dacb480062c3c/out/vs/platform/terminal/node/ptyHostMain.js:44:22715)
    at Object.call (/home/sofyan/.vscode-server/bin/e7e037083ff4455cf320e344325dacb480062c3c/out/vs/platform/terminal/node/ptyHostMain.js:34:5059)
    at h.s (/home/sofyan/.vscode-server/bin/e7e037083ff4455cf320e344325dacb480062c3c/out/vs/platform/terminal/node/ptyHostMain.js:32:5150)
    at h.q (/home/sofyan/.vscode-server/bin/e7e037083ff4455cf320e344325dacb480062c3c/out/vs/platform/terminal/node/ptyHostMain.js:32:4661)
    at g.value (/home/sofyan/.vscode-server/bin/e7e037083ff4455cf320e344325dacb480062c3c/out/vs/platform/terminal/node/ptyHostMain.js:32:4066)
    at n.z (/home/sofyan/.vscode-server/bin/e7e037083ff4455cf320e344325dacb480062c3c/out/vs/platform/terminal/node/ptyHostMain.js:27:1902)
    at n.fire (/home/sofyan/.vscode-server/bin/e7e037083ff4455cf320e344325dacb480062c3c/out/vs/platform/terminal/node/ptyHostMain.js:27:2119)
    at process.he (/home/sofyan/.vscode-server/bin/e7e037083ff4455cf320e344325dacb480062c3c/out/vs/platform/terminal/node/ptyHostMain.js:25:9949)
    at process.emit (node:events:513:28)
    at emit (node:internal/child_process:937:14)
    at process.processTicksAndRejections (node:internal/process/task_queues:83:21)
[15:46:05] Error [CodeExpectedError]: Could not find pty on pty host
    at A.U (/home/sofyan/.vscode-server/bin/e7e037083ff4455cf320e344325dacb480062c3c/out/vs/platform/terminal/node/ptyHostMain.js:44:32246)
    at A.updateTitle (/home/sofyan/.vscode-server/bin/e7e037083ff4455cf320e344325dacb480062c3c/out/vs/platform/terminal/node/ptyHostMain.js:44:27446)
    at V.<computed> (/home/sofyan/.vscode-server/bin/e7e037083ff4455cf320e344325dacb480062c3c/out/vs/platform/terminal/node/ptyHostMain.js:44:22715)
    at Object.call (/home/sofyan/.vscode-server/bin/e7e037083ff4455cf320e344325dacb480062c3c/out/vs/platform/terminal/node/ptyHostMain.js:34:5059)
    at h.s (/home/sofyan/.vscode-server/bin/e7e037083ff4455cf320e344325dacb480062c3c/out/vs/platform/terminal/node/ptyHostMain.js:32:5150)
    at h.q (/home/sofyan/.vscode-server/bin/e7e037083ff4455cf320e344325dacb480062c3c/out/vs/platform/terminal/node/ptyHostMain.js:32:4661)
    at g.value (/home/sofyan/.vscode-server/bin/e7e037083ff4455cf320e344325dacb480062c3c/out/vs/platform/terminal/node/ptyHostMain.js:32:4066)
    at n.z (/home/sofyan/.vscode-server/bin/e7e037083ff4455cf320e344325dacb480062c3c/out/vs/platform/terminal/node/ptyHostMain.js:27:1902)
    at n.fire (/home/sofyan/.vscode-server/bin/e7e037083ff4455cf320e344325dacb480062c3c/out/vs/platform/terminal/node/ptyHostMain.js:27:2119)
    at process.he (/home/sofyan/.vscode-server/bin/e7e037083ff4455cf320e344325dacb480062c3c/out/vs/platform/terminal/node/ptyHostMain.js:25:9949)
    at process.emit (node:events:513:28)
    at emit (node:internal/child_process:937:14)
    at process.processTicksAndRejections (node:internal/process/task_queues:83:21)
[15:48:13] [127.0.0.1][e773f084][ManagementConnection] The client has disconnected gracefully, so the connection will be disposed.
[15:48:13] [127.0.0.1][b09b5b11][ExtensionHostConnection] <3560804> Extension Host Process exited with code: 0, signal: null.
Cancelling previous shutdown timeout
[15:48:13] Cancelling previous shutdown timeout
Last EH closed, waiting before shutting down
[15:48:13] Last EH closed, waiting before shutting down
Last EH closed, shutting down
[15:53:13] Last EH closed, shutting down
