*
* Visual Studio Code Server
*
* By using the software, you agree to
* the Visual Studio Code Server License Terms (https://aka.ms/vscode-server-license) and
* the Microsoft Privacy Statement (https://privacy.microsoft.com/en-US/privacystatement).
*
Server bound to 127.0.0.1:44155 (IPv4)
Extension host agent listening on 44155

[17:28:35] 




[17:28:35] Extension host agent started.
[17:28:35] [127.0.0.1][035fb74a][ManagementConnection] New connection established.
[17:28:35] [127.0.0.1][7e0d6fb1][ExtensionHostConnection] New connection established.
[17:28:35] [127.0.0.1][7e0d6fb1][ExtensionHostConnection] <3431485> Launched Extension Host Process.
New EH opened, aborting shutdown
[17:33:35] New EH opened, aborting shutdown
[17:36:14] [127.0.0.1][ec37a9cd][ManagementConnection] New connection established.
[17:36:14] [127.0.0.1][0a093b8d][ExtensionHostConnection] New connection established.
[17:36:14] [127.0.0.1][0a093b8d][ExtensionHostConnection] <3431691> Launched Extension Host Process.
rejected promise not handled within 1 second: CodeExpectedError: Could not find pty on pty host
stack trace: CodeExpectedError: Could not find pty on pty host
    at $.P (/home/sofyan/.vscode-server/bin/fdb98833154679dbaa7af67a5a29fe19e55c2b73/out/vs/platform/terminal/node/ptyHostMain.js:27:32310)
    at $.updateTitle (/home/sofyan/.vscode-server/bin/fdb98833154679dbaa7af67a5a29fe19e55c2b73/out/vs/platform/terminal/node/ptyHostMain.js:27:27490)
    at T.<computed> (/home/sofyan/.vscode-server/bin/fdb98833154679dbaa7af67a5a29fe19e55c2b73/out/vs/platform/terminal/node/ptyHostMain.js:27:22750)
    at Object.call (/home/sofyan/.vscode-server/bin/fdb98833154679dbaa7af67a5a29fe19e55c2b73/out/vs/platform/terminal/node/ptyHostMain.js:17:4907)
    at u.s (/home/sofyan/.vscode-server/bin/fdb98833154679dbaa7af67a5a29fe19e55c2b73/out/vs/platform/terminal/node/ptyHostMain.js:15:5150)
    at u.q (/home/sofyan/.vscode-server/bin/fdb98833154679dbaa7af67a5a29fe19e55c2b73/out/vs/platform/terminal/node/ptyHostMain.js:15:4661)
    at i.value (/home/sofyan/.vscode-server/bin/fdb98833154679dbaa7af67a5a29fe19e55c2b73/out/vs/platform/terminal/node/ptyHostMain.js:15:4066)
    at C.w (/home/sofyan/.vscode-server/bin/fdb98833154679dbaa7af67a5a29fe19e55c2b73/out/vs/platform/terminal/node/ptyHostMain.js:10:1902)
    at C.fire (/home/sofyan/.vscode-server/bin/fdb98833154679dbaa7af67a5a29fe19e55c2b73/out/vs/platform/terminal/node/ptyHostMain.js:10:2119)
    at process.G (/home/sofyan/.vscode-server/bin/fdb98833154679dbaa7af67a5a29fe19e55c2b73/out/vs/platform/terminal/node/ptyHostMain.js:8:27561)
    at process.emit (node:events:513:28)
    at emit (node:internal/child_process:937:14)
    at process.processTicksAndRejections (node:internal/process/task_queues:83:21)
[17:36:17] Error [CodeExpectedError]: Could not find pty on pty host
    at $.P (/home/sofyan/.vscode-server/bin/fdb98833154679dbaa7af67a5a29fe19e55c2b73/out/vs/platform/terminal/node/ptyHostMain.js:27:32310)
    at $.updateTitle (/home/sofyan/.vscode-server/bin/fdb98833154679dbaa7af67a5a29fe19e55c2b73/out/vs/platform/terminal/node/ptyHostMain.js:27:27490)
    at T.<computed> (/home/sofyan/.vscode-server/bin/fdb98833154679dbaa7af67a5a29fe19e55c2b73/out/vs/platform/terminal/node/ptyHostMain.js:27:22750)
    at Object.call (/home/sofyan/.vscode-server/bin/fdb98833154679dbaa7af67a5a29fe19e55c2b73/out/vs/platform/terminal/node/ptyHostMain.js:17:4907)
    at u.s (/home/sofyan/.vscode-server/bin/fdb98833154679dbaa7af67a5a29fe19e55c2b73/out/vs/platform/terminal/node/ptyHostMain.js:15:5150)
    at u.q (/home/sofyan/.vscode-server/bin/fdb98833154679dbaa7af67a5a29fe19e55c2b73/out/vs/platform/terminal/node/ptyHostMain.js:15:4661)
    at i.value (/home/sofyan/.vscode-server/bin/fdb98833154679dbaa7af67a5a29fe19e55c2b73/out/vs/platform/terminal/node/ptyHostMain.js:15:4066)
    at C.w (/home/sofyan/.vscode-server/bin/fdb98833154679dbaa7af67a5a29fe19e55c2b73/out/vs/platform/terminal/node/ptyHostMain.js:10:1902)
    at C.fire (/home/sofyan/.vscode-server/bin/fdb98833154679dbaa7af67a5a29fe19e55c2b73/out/vs/platform/terminal/node/ptyHostMain.js:10:2119)
    at process.G (/home/sofyan/.vscode-server/bin/fdb98833154679dbaa7af67a5a29fe19e55c2b73/out/vs/platform/terminal/node/ptyHostMain.js:8:27561)
    at process.emit (node:events:513:28)
    at emit (node:internal/child_process:937:14)
    at process.processTicksAndRejections (node:internal/process/task_queues:83:21)
[17:36:26] [127.0.0.1][ec37a9cd][ManagementConnection] The client has disconnected gracefully, so the connection will be disposed.
[17:36:26] Error: Throttler is disposed
    at c.queue (/home/sofyan/.vscode-server/bin/fdb98833154679dbaa7af67a5a29fe19e55c2b73/out/vs/server/node/server.main.js:70:13632)
    at /home/sofyan/.vscode-server/bin/fdb98833154679dbaa7af67a5a29fe19e55c2b73/out/vs/server/node/server.main.js:70:15216
    at /home/sofyan/.vscode-server/bin/fdb98833154679dbaa7af67a5a29fe19e55c2b73/out/vs/server/node/server.main.js:70:14852
    at runNextTicks (node:internal/process/task_queues:60:5)
    at listOnTimeout (node:internal/timers:538:9)
    at process.processTimers (node:internal/timers:512:7)
[17:36:32] [127.0.0.1][0a093b8d][ExtensionHostConnection] <3431691> Extension Host Process exited with code: 0, signal: null.
[17:36:32] [127.0.0.1][c6e2c5ce][ManagementConnection] New connection established.
[17:36:32] [127.0.0.1][70f65d18][ExtensionHostConnection] New connection established.
[17:36:32] [127.0.0.1][70f65d18][ExtensionHostConnection] <3431789> Launched Extension Host Process.
rejected promise not handled within 1 second: CodeExpectedError: Could not find pty on pty host
stack trace: CodeExpectedError: Could not find pty on pty host
    at $.P (/home/sofyan/.vscode-server/bin/fdb98833154679dbaa7af67a5a29fe19e55c2b73/out/vs/platform/terminal/node/ptyHostMain.js:27:32310)
    at $.updateTitle (/home/sofyan/.vscode-server/bin/fdb98833154679dbaa7af67a5a29fe19e55c2b73/out/vs/platform/terminal/node/ptyHostMain.js:27:27490)
    at T.<computed> (/home/sofyan/.vscode-server/bin/fdb98833154679dbaa7af67a5a29fe19e55c2b73/out/vs/platform/terminal/node/ptyHostMain.js:27:22750)
    at Object.call (/home/sofyan/.vscode-server/bin/fdb98833154679dbaa7af67a5a29fe19e55c2b73/out/vs/platform/terminal/node/ptyHostMain.js:17:4907)
    at u.s (/home/sofyan/.vscode-server/bin/fdb98833154679dbaa7af67a5a29fe19e55c2b73/out/vs/platform/terminal/node/ptyHostMain.js:15:5150)
    at u.q (/home/sofyan/.vscode-server/bin/fdb98833154679dbaa7af67a5a29fe19e55c2b73/out/vs/platform/terminal/node/ptyHostMain.js:15:4661)
    at i.value (/home/sofyan/.vscode-server/bin/fdb98833154679dbaa7af67a5a29fe19e55c2b73/out/vs/platform/terminal/node/ptyHostMain.js:15:4066)
    at C.w (/home/sofyan/.vscode-server/bin/fdb98833154679dbaa7af67a5a29fe19e55c2b73/out/vs/platform/terminal/node/ptyHostMain.js:10:1902)
    at C.fire (/home/sofyan/.vscode-server/bin/fdb98833154679dbaa7af67a5a29fe19e55c2b73/out/vs/platform/terminal/node/ptyHostMain.js:10:2119)
    at process.G (/home/sofyan/.vscode-server/bin/fdb98833154679dbaa7af67a5a29fe19e55c2b73/out/vs/platform/terminal/node/ptyHostMain.js:8:27561)
    at process.emit (node:events:513:28)
    at emit (node:internal/child_process:937:14)
    at process.processTicksAndRejections (node:internal/process/task_queues:83:21)
[17:36:35] Error [CodeExpectedError]: Could not find pty on pty host
    at $.P (/home/sofyan/.vscode-server/bin/fdb98833154679dbaa7af67a5a29fe19e55c2b73/out/vs/platform/terminal/node/ptyHostMain.js:27:32310)
    at $.updateTitle (/home/sofyan/.vscode-server/bin/fdb98833154679dbaa7af67a5a29fe19e55c2b73/out/vs/platform/terminal/node/ptyHostMain.js:27:27490)
    at T.<computed> (/home/sofyan/.vscode-server/bin/fdb98833154679dbaa7af67a5a29fe19e55c2b73/out/vs/platform/terminal/node/ptyHostMain.js:27:22750)
    at Object.call (/home/sofyan/.vscode-server/bin/fdb98833154679dbaa7af67a5a29fe19e55c2b73/out/vs/platform/terminal/node/ptyHostMain.js:17:4907)
    at u.s (/home/sofyan/.vscode-server/bin/fdb98833154679dbaa7af67a5a29fe19e55c2b73/out/vs/platform/terminal/node/ptyHostMain.js:15:5150)
    at u.q (/home/sofyan/.vscode-server/bin/fdb98833154679dbaa7af67a5a29fe19e55c2b73/out/vs/platform/terminal/node/ptyHostMain.js:15:4661)
    at i.value (/home/sofyan/.vscode-server/bin/fdb98833154679dbaa7af67a5a29fe19e55c2b73/out/vs/platform/terminal/node/ptyHostMain.js:15:4066)
    at C.w (/home/sofyan/.vscode-server/bin/fdb98833154679dbaa7af67a5a29fe19e55c2b73/out/vs/platform/terminal/node/ptyHostMain.js:10:1902)
    at C.fire (/home/sofyan/.vscode-server/bin/fdb98833154679dbaa7af67a5a29fe19e55c2b73/out/vs/platform/terminal/node/ptyHostMain.js:10:2119)
    at process.G (/home/sofyan/.vscode-server/bin/fdb98833154679dbaa7af67a5a29fe19e55c2b73/out/vs/platform/terminal/node/ptyHostMain.js:8:27561)
    at process.emit (node:events:513:28)
    at emit (node:internal/child_process:937:14)
    at process.processTicksAndRejections (node:internal/process/task_queues:83:21)
[17:37:13] [127.0.0.1][c6e2c5ce][ManagementConnection] The client has disconnected gracefully, so the connection will be disposed.
[17:37:13] Error: Throttler is disposed
    at c.queue (/home/sofyan/.vscode-server/bin/fdb98833154679dbaa7af67a5a29fe19e55c2b73/out/vs/server/node/server.main.js:70:13632)
    at /home/sofyan/.vscode-server/bin/fdb98833154679dbaa7af67a5a29fe19e55c2b73/out/vs/server/node/server.main.js:70:15216
    at /home/sofyan/.vscode-server/bin/fdb98833154679dbaa7af67a5a29fe19e55c2b73/out/vs/server/node/server.main.js:70:14852
    at runNextTicks (node:internal/process/task_queues:60:5)
    at listOnTimeout (node:internal/timers:538:9)
    at process.processTimers (node:internal/timers:512:7)
[17:37:18] [127.0.0.1][70f65d18][ExtensionHostConnection] <3431789> Extension Host Process exited with code: 0, signal: null.
[17:37:18] [127.0.0.1][4f4c6e9b][ManagementConnection] New connection established.
[17:37:18] [127.0.0.1][5d064cb5][ExtensionHostConnection] New connection established.
[17:37:18] [127.0.0.1][5d064cb5][ExtensionHostConnection] <3431889> Launched Extension Host Process.
rejected promise not handled within 1 second: CodeExpectedError: Could not find pty on pty host
stack trace: CodeExpectedError: Could not find pty on pty host
    at $.P (/home/sofyan/.vscode-server/bin/fdb98833154679dbaa7af67a5a29fe19e55c2b73/out/vs/platform/terminal/node/ptyHostMain.js:27:32310)
    at $.updateTitle (/home/sofyan/.vscode-server/bin/fdb98833154679dbaa7af67a5a29fe19e55c2b73/out/vs/platform/terminal/node/ptyHostMain.js:27:27490)
    at T.<computed> (/home/sofyan/.vscode-server/bin/fdb98833154679dbaa7af67a5a29fe19e55c2b73/out/vs/platform/terminal/node/ptyHostMain.js:27:22750)
    at Object.call (/home/sofyan/.vscode-server/bin/fdb98833154679dbaa7af67a5a29fe19e55c2b73/out/vs/platform/terminal/node/ptyHostMain.js:17:4907)
    at u.s (/home/sofyan/.vscode-server/bin/fdb98833154679dbaa7af67a5a29fe19e55c2b73/out/vs/platform/terminal/node/ptyHostMain.js:15:5150)
    at u.q (/home/sofyan/.vscode-server/bin/fdb98833154679dbaa7af67a5a29fe19e55c2b73/out/vs/platform/terminal/node/ptyHostMain.js:15:4661)
    at i.value (/home/sofyan/.vscode-server/bin/fdb98833154679dbaa7af67a5a29fe19e55c2b73/out/vs/platform/terminal/node/ptyHostMain.js:15:4066)
    at C.w (/home/sofyan/.vscode-server/bin/fdb98833154679dbaa7af67a5a29fe19e55c2b73/out/vs/platform/terminal/node/ptyHostMain.js:10:1902)
    at C.fire (/home/sofyan/.vscode-server/bin/fdb98833154679dbaa7af67a5a29fe19e55c2b73/out/vs/platform/terminal/node/ptyHostMain.js:10:2119)
    at process.G (/home/sofyan/.vscode-server/bin/fdb98833154679dbaa7af67a5a29fe19e55c2b73/out/vs/platform/terminal/node/ptyHostMain.js:8:27561)
    at process.emit (node:events:513:28)
    at emit (node:internal/child_process:937:14)
    at process.processTicksAndRejections (node:internal/process/task_queues:83:21)
[17:37:22] Error [CodeExpectedError]: Could not find pty on pty host
    at $.P (/home/sofyan/.vscode-server/bin/fdb98833154679dbaa7af67a5a29fe19e55c2b73/out/vs/platform/terminal/node/ptyHostMain.js:27:32310)
    at $.updateTitle (/home/sofyan/.vscode-server/bin/fdb98833154679dbaa7af67a5a29fe19e55c2b73/out/vs/platform/terminal/node/ptyHostMain.js:27:27490)
    at T.<computed> (/home/sofyan/.vscode-server/bin/fdb98833154679dbaa7af67a5a29fe19e55c2b73/out/vs/platform/terminal/node/ptyHostMain.js:27:22750)
    at Object.call (/home/sofyan/.vscode-server/bin/fdb98833154679dbaa7af67a5a29fe19e55c2b73/out/vs/platform/terminal/node/ptyHostMain.js:17:4907)
    at u.s (/home/sofyan/.vscode-server/bin/fdb98833154679dbaa7af67a5a29fe19e55c2b73/out/vs/platform/terminal/node/ptyHostMain.js:15:5150)
    at u.q (/home/sofyan/.vscode-server/bin/fdb98833154679dbaa7af67a5a29fe19e55c2b73/out/vs/platform/terminal/node/ptyHostMain.js:15:4661)
    at i.value (/home/sofyan/.vscode-server/bin/fdb98833154679dbaa7af67a5a29fe19e55c2b73/out/vs/platform/terminal/node/ptyHostMain.js:15:4066)
    at C.w (/home/sofyan/.vscode-server/bin/fdb98833154679dbaa7af67a5a29fe19e55c2b73/out/vs/platform/terminal/node/ptyHostMain.js:10:1902)
    at C.fire (/home/sofyan/.vscode-server/bin/fdb98833154679dbaa7af67a5a29fe19e55c2b73/out/vs/platform/terminal/node/ptyHostMain.js:10:2119)
    at process.G (/home/sofyan/.vscode-server/bin/fdb98833154679dbaa7af67a5a29fe19e55c2b73/out/vs/platform/terminal/node/ptyHostMain.js:8:27561)
    at process.emit (node:events:513:28)
    at emit (node:internal/child_process:937:14)
    at process.processTicksAndRejections (node:internal/process/task_queues:83:21)
[17:37:35] [127.0.0.1][4f4c6e9b][ManagementConnection] The client has disconnected gracefully, so the connection will be disposed.
[17:37:35] Error: Throttler is disposed
    at c.queue (/home/sofyan/.vscode-server/bin/fdb98833154679dbaa7af67a5a29fe19e55c2b73/out/vs/server/node/server.main.js:70:13632)
    at /home/sofyan/.vscode-server/bin/fdb98833154679dbaa7af67a5a29fe19e55c2b73/out/vs/server/node/server.main.js:70:15216
    at /home/sofyan/.vscode-server/bin/fdb98833154679dbaa7af67a5a29fe19e55c2b73/out/vs/server/node/server.main.js:70:14852
    at runNextTicks (node:internal/process/task_queues:60:5)
    at listOnTimeout (node:internal/timers:538:9)
    at process.processTimers (node:internal/timers:512:7)
[17:37:35] Error: Throttler is disposed
    at c.queue (/home/sofyan/.vscode-server/bin/fdb98833154679dbaa7af67a5a29fe19e55c2b73/out/vs/server/node/server.main.js:70:13632)
    at /home/sofyan/.vscode-server/bin/fdb98833154679dbaa7af67a5a29fe19e55c2b73/out/vs/server/node/server.main.js:70:15216
    at /home/sofyan/.vscode-server/bin/fdb98833154679dbaa7af67a5a29fe19e55c2b73/out/vs/server/node/server.main.js:70:14852
    at runNextTicks (node:internal/process/task_queues:60:5)
    at listOnTimeout (node:internal/timers:538:9)
    at process.processTimers (node:internal/timers:512:7)
[17:37:35] Error: Throttler is disposed
    at c.queue (/home/sofyan/.vscode-server/bin/fdb98833154679dbaa7af67a5a29fe19e55c2b73/out/vs/server/node/server.main.js:70:13632)
    at /home/sofyan/.vscode-server/bin/fdb98833154679dbaa7af67a5a29fe19e55c2b73/out/vs/server/node/server.main.js:70:15216
    at /home/sofyan/.vscode-server/bin/fdb98833154679dbaa7af67a5a29fe19e55c2b73/out/vs/server/node/server.main.js:70:14852
    at runNextTicks (node:internal/process/task_queues:60:5)
    at listOnTimeout (node:internal/timers:538:9)
    at process.processTimers (node:internal/timers:512:7)
[17:37:35] Error: Throttler is disposed
    at c.queue (/home/sofyan/.vscode-server/bin/fdb98833154679dbaa7af67a5a29fe19e55c2b73/out/vs/server/node/server.main.js:70:13632)
    at /home/sofyan/.vscode-server/bin/fdb98833154679dbaa7af67a5a29fe19e55c2b73/out/vs/server/node/server.main.js:70:15216
    at /home/sofyan/.vscode-server/bin/fdb98833154679dbaa7af67a5a29fe19e55c2b73/out/vs/server/node/server.main.js:70:14852
    at runNextTicks (node:internal/process/task_queues:60:5)
    at listOnTimeout (node:internal/timers:538:9)
    at process.processTimers (node:internal/timers:512:7)
[17:37:35] Error: Throttler is disposed
    at c.queue (/home/sofyan/.vscode-server/bin/fdb98833154679dbaa7af67a5a29fe19e55c2b73/out/vs/server/node/server.main.js:70:13632)
    at /home/sofyan/.vscode-server/bin/fdb98833154679dbaa7af67a5a29fe19e55c2b73/out/vs/server/node/server.main.js:70:15216
    at /home/sofyan/.vscode-server/bin/fdb98833154679dbaa7af67a5a29fe19e55c2b73/out/vs/server/node/server.main.js:70:14852
    at runNextTicks (node:internal/process/task_queues:60:5)
    at listOnTimeout (node:internal/timers:538:9)
    at process.processTimers (node:internal/timers:512:7)
[17:37:35] Error: Throttler is disposed
    at c.queue (/home/sofyan/.vscode-server/bin/fdb98833154679dbaa7af67a5a29fe19e55c2b73/out/vs/server/node/server.main.js:70:13632)
    at /home/sofyan/.vscode-server/bin/fdb98833154679dbaa7af67a5a29fe19e55c2b73/out/vs/server/node/server.main.js:70:15216
    at /home/sofyan/.vscode-server/bin/fdb98833154679dbaa7af67a5a29fe19e55c2b73/out/vs/server/node/server.main.js:70:14852
    at runNextTicks (node:internal/process/task_queues:60:5)
    at listOnTimeout (node:internal/timers:538:9)
    at process.processTimers (node:internal/timers:512:7)
[17:37:40] [127.0.0.1][5d064cb5][ExtensionHostConnection] <3431889> Extension Host Process exited with code: 0, signal: null.
[17:38:35] [127.0.0.1][035fb74a][ManagementConnection] The client has disconnected gracefully, so the connection will be disposed.
[17:38:35] Error: Throttler is disposed
    at c.queue (/home/sofyan/.vscode-server/bin/fdb98833154679dbaa7af67a5a29fe19e55c2b73/out/vs/server/node/server.main.js:70:13632)
    at /home/sofyan/.vscode-server/bin/fdb98833154679dbaa7af67a5a29fe19e55c2b73/out/vs/server/node/server.main.js:70:15216
    at /home/sofyan/.vscode-server/bin/fdb98833154679dbaa7af67a5a29fe19e55c2b73/out/vs/server/node/server.main.js:70:14852
    at runNextTicks (node:internal/process/task_queues:60:5)
    at listOnTimeout (node:internal/timers:538:9)
    at process.processTimers (node:internal/timers:512:7)
[17:38:35] Error: Throttler is disposed
    at c.queue (/home/sofyan/.vscode-server/bin/fdb98833154679dbaa7af67a5a29fe19e55c2b73/out/vs/server/node/server.main.js:70:13632)
    at /home/sofyan/.vscode-server/bin/fdb98833154679dbaa7af67a5a29fe19e55c2b73/out/vs/server/node/server.main.js:70:15216
    at /home/sofyan/.vscode-server/bin/fdb98833154679dbaa7af67a5a29fe19e55c2b73/out/vs/server/node/server.main.js:70:14852
    at runNextTicks (node:internal/process/task_queues:60:5)
    at listOnTimeout (node:internal/timers:538:9)
    at process.processTimers (node:internal/timers:512:7)
[17:38:35] Error: Throttler is disposed
    at c.queue (/home/sofyan/.vscode-server/bin/fdb98833154679dbaa7af67a5a29fe19e55c2b73/out/vs/server/node/server.main.js:70:13632)
    at /home/sofyan/.vscode-server/bin/fdb98833154679dbaa7af67a5a29fe19e55c2b73/out/vs/server/node/server.main.js:70:15216
    at /home/sofyan/.vscode-server/bin/fdb98833154679dbaa7af67a5a29fe19e55c2b73/out/vs/server/node/server.main.js:70:14852
    at runNextTicks (node:internal/process/task_queues:60:5)
    at listOnTimeout (node:internal/timers:538:9)
    at process.processTimers (node:internal/timers:512:7)
[17:38:35] Error: Throttler is disposed
    at c.queue (/home/sofyan/.vscode-server/bin/fdb98833154679dbaa7af67a5a29fe19e55c2b73/out/vs/server/node/server.main.js:70:13632)
    at /home/sofyan/.vscode-server/bin/fdb98833154679dbaa7af67a5a29fe19e55c2b73/out/vs/server/node/server.main.js:70:15216
    at /home/sofyan/.vscode-server/bin/fdb98833154679dbaa7af67a5a29fe19e55c2b73/out/vs/server/node/server.main.js:70:14852
    at runNextTicks (node:internal/process/task_queues:60:5)
    at listOnTimeout (node:internal/timers:538:9)
    at process.processTimers (node:internal/timers:512:7)
[17:38:35] Error: Throttler is disposed
    at c.queue (/home/sofyan/.vscode-server/bin/fdb98833154679dbaa7af67a5a29fe19e55c2b73/out/vs/server/node/server.main.js:70:13632)
    at /home/sofyan/.vscode-server/bin/fdb98833154679dbaa7af67a5a29fe19e55c2b73/out/vs/server/node/server.main.js:70:15216
    at /home/sofyan/.vscode-server/bin/fdb98833154679dbaa7af67a5a29fe19e55c2b73/out/vs/server/node/server.main.js:70:14852
    at runNextTicks (node:internal/process/task_queues:60:5)
    at listOnTimeout (node:internal/timers:538:9)
    at process.processTimers (node:internal/timers:512:7)
[17:38:35] Error: Throttler is disposed
    at c.queue (/home/sofyan/.vscode-server/bin/fdb98833154679dbaa7af67a5a29fe19e55c2b73/out/vs/server/node/server.main.js:70:13632)
    at /home/sofyan/.vscode-server/bin/fdb98833154679dbaa7af67a5a29fe19e55c2b73/out/vs/server/node/server.main.js:70:15216
    at /home/sofyan/.vscode-server/bin/fdb98833154679dbaa7af67a5a29fe19e55c2b73/out/vs/server/node/server.main.js:70:14852
    at runNextTicks (node:internal/process/task_queues:60:5)
    at listOnTimeout (node:internal/timers:538:9)
    at process.processTimers (node:internal/timers:512:7)
[17:38:40] [127.0.0.1][7e0d6fb1][ExtensionHostConnection] <3431485> Extension Host Process exited with code: 0, signal: null.
Last EH closed, waiting before shutting down
[17:38:40] Last EH closed, waiting before shutting down
Last EH closed, shutting down
[17:43:40] Last EH closed, shutting down
