2023-10-09 08:47:21.233 [info] Log level: Info
2023-10-09 08:47:21.233 [info] Validating found git in: "git"
2023-10-09 08:47:21.233 [info] Using git "2.30.2" from "git"
2023-10-09 08:47:21.233 [info] > git rev-parse --show-toplevel [42ms]
2023-10-09 08:47:21.233 [info] fatal: not a git repository (or any of the parent directories): .git
2023-10-09 08:47:21.233 [info] > git rev-parse --show-toplevel [19ms]
2023-10-09 08:47:21.233 [info] fatal: not a git repository (or any of the parent directories): .git
2023-10-09 08:47:35.534 [info] > git rev-parse --show-toplevel [12ms]
2023-10-09 08:47:35.534 [info] fatal: not a git repository (or any of the parent directories): .git
2023-10-09 08:47:36.494 [info] > git rev-parse --show-toplevel [9ms]
2023-10-09 08:47:36.494 [info] fatal: not a git repository (or any of the parent directories): .git
2023-10-09 08:47:37.027 [info] > git rev-parse --show-toplevel [7ms]
2023-10-09 08:47:37.027 [info] fatal: not a git repository (or any of the parent directories): .git
2023-10-09 08:47:42.424 [info] > git rev-parse --show-toplevel [5ms]
2023-10-09 08:47:42.424 [info] fatal: not a git repository (or any of the parent directories): .git
2023-10-09 08:47:45.735 [info] > git rev-parse --show-toplevel [4ms]
2023-10-09 08:47:45.735 [info] fatal: not a git repository (or any of the parent directories): .git
2023-10-09 08:48:04.943 [info] > git rev-parse --show-toplevel [4ms]
2023-10-09 08:48:04.943 [info] fatal: not a git repository (or any of the parent directories): .git
2023-10-09 08:48:24.085 [info] > git rev-parse --show-toplevel [7ms]
2023-10-09 08:48:24.085 [info] fatal: not a git repository (or any of the parent directories): .git
2023-10-09 08:48:24.916 [info] > git rev-parse --show-toplevel [4ms]
2023-10-09 08:48:24.916 [info] fatal: not a git repository (or any of the parent directories): .git
2023-10-09 08:48:26.285 [info] > git rev-parse --show-toplevel [4ms]
2023-10-09 08:48:26.286 [info] fatal: not a git repository (or any of the parent directories): .git
2023-10-09 08:52:42.429 [info] > git rev-parse --show-toplevel [7ms]
2023-10-09 08:52:42.429 [info] fatal: not a git repository (or any of the parent directories): .git
2023-10-09 08:52:42.943 [info] > git rev-parse --show-toplevel [6ms]
2023-10-09 08:52:42.943 [info] fatal: not a git repository (or any of the parent directories): .git
2023-10-09 08:52:48.040 [info] > git rev-parse --show-toplevel [4ms]
2023-10-09 08:52:48.040 [info] fatal: not a git repository (or any of the parent directories): .git
2023-10-09 08:52:48.663 [info] > git rev-parse --show-toplevel [24ms]
2023-10-09 08:52:48.663 [info] fatal: not a git repository (or any of the parent directories): .git
2023-10-09 08:54:39.759 [info] > git rev-parse --show-toplevel [9ms]
2023-10-09 08:54:39.759 [info] fatal: not a git repository (or any of the parent directories): .git
2023-10-09 08:54:42.294 [info] > git rev-parse --show-toplevel [14ms]
2023-10-09 08:54:42.294 [info] fatal: not a git repository (or any of the parent directories): .git
